INFO 2020-04-27 10:22:02,047 autoreload 598 Watching for file changes with StatReloader
INFO 2020-04-27 10:22:54,802 basehttp 157 "GET /users/get_card_list/ HTTP/1.1" 200 1246
INFO 2020-04-27 10:23:02,472 basehttp 157 "POST /users/get_card_list/ HTTP/1.1" 200 42
INFO 2020-04-27 10:24:02,905 basehttp 157 "GET /users/get_card_list/ HTTP/1.1" 200 1246
INFO 2020-04-27 10:24:04,880 basehttp 157 "POST /users/get_card_list/ HTTP/1.1" 200 42
INFO 2020-04-27 10:25:43,292 basehttp 157 "GET /users/get_card_list/ HTTP/1.1" 200 1246
INFO 2020-04-27 10:26:08,393 basehttp 157 "GET /users/get_card_list/ HTTP/1.1" 200 1246
INFO 2020-04-27 10:26:08,620 basehttp 157 "GET /users/get_card_list/ HTTP/1.1" 200 1246
INFO 2020-04-27 10:26:10,233 basehttp 157 "POST /users/get_card_list/ HTTP/1.1" 200 42
INFO 2020-04-27 10:26:15,416 basehttp 157 "POST /users/get_card_list/ HTTP/1.1" 200 42
INFO 2020-04-27 10:30:18,705 basehttp 157 "GET /users/get_card_list/ HTTP/1.1" 200 1246
INFO 2020-04-27 10:30:24,048 basehttp 157 "POST /users/get_card_list/ HTTP/1.1" 200 42
INFO 2020-04-27 10:32:16,934 basehttp 157 "GET /users/get_card_list/ HTTP/1.1" 200 1246
INFO 2020-04-27 10:32:20,103 basehttp 157 "POST /users/get_card_list/ HTTP/1.1" 200 42
INFO 2020-04-27 10:32:36,808 basehttp 157 "GET /users/get_card_list/ HTTP/1.1" 200 1246
INFO 2020-04-27 10:32:39,776 basehttp 157 "POST /users/get_card_list/ HTTP/1.1" 200 42
INFO 2020-04-27 10:35:31,050 basehttp 157 "GET /users/get_card_list/ HTTP/1.1" 200 1246
INFO 2020-04-27 10:35:33,530 basehttp 157 "POST /users/get_card_list/ HTTP/1.1" 200 42
INFO 2020-04-27 10:36:18,554 basehttp 157 "GET /users/get_card_list/ HTTP/1.1" 200 1246
INFO 2020-04-27 10:36:18,834 basehttp 157 "GET /users/get_card_list/ HTTP/1.1" 200 1246
INFO 2020-04-27 10:36:29,162 basehttp 157 "POST /users/get_card_list/ HTTP/1.1" 200 42
INFO 2020-04-27 10:39:11,353 basehttp 157 "GET /users/get_card_list/ HTTP/1.1" 200 1246
INFO 2020-04-27 10:39:26,217 basehttp 157 "POST /users/get_card_list/ HTTP/1.1" 200 42
INFO 2020-04-27 10:39:55,904 basehttp 157 "GET /users/get_card_list/ HTTP/1.1" 200 1246
INFO 2020-04-27 10:40:01,496 basehttp 157 "POST /users/get_card_list/ HTTP/1.1" 200 965
INFO 2020-04-27 10:41:48,223 basehttp 157 "GET /users/get_card_list/ HTTP/1.1" 200 1246
INFO 2020-04-27 10:41:53,632 basehttp 157 "POST /users/get_card_list/ HTTP/1.1" 200 42
INFO 2020-04-27 10:43:58,805 basehttp 157 "GET /users/get_card_list/ HTTP/1.1" 200 1246
INFO 2020-04-27 10:44:04,869 basehttp 157 "POST /users/get_card_list/ HTTP/1.1" 200 362
INFO 2020-04-27 10:46:39,028 basehttp 157 "GET /users/get_card_list/ HTTP/1.1" 200 1246
INFO 2020-04-27 10:46:44,302 basehttp 157 "POST /users/get_card_list/ HTTP/1.1" 200 965
INFO 2020-04-27 10:55:54,564 basehttp 157 "GET /users/get_card_list/ HTTP/1.1" 200 1246
INFO 2020-04-27 10:56:02,182 basehttp 157 "POST /users/get_card_list/ HTTP/1.1" 200 463
INFO 2020-04-27 10:56:40,231 basehttp 157 "GET /users/get_card_list/ HTTP/1.1" 200 1246
INFO 2020-04-27 10:56:40,679 basehttp 157 "GET /users/get_card_list/ HTTP/1.1" 200 1246
INFO 2020-04-27 10:56:43,856 basehttp 157 "POST /users/get_card_list/ HTTP/1.1" 200 42
INFO 2020-04-27 10:57:09,445 basehttp 157 "POST /users/get_card_list/ HTTP/1.1" 200 965
INFO 2020-04-27 10:57:47,343 basehttp 157 "GET /users/get_card_list/ HTTP/1.1" 200 1246
INFO 2020-04-27 10:57:50,175 basehttp 157 "POST /users/get_card_list/ HTTP/1.1" 200 42
INFO 2020-04-27 10:57:56,808 basehttp 157 "GET /users/get_card_list/ HTTP/1.1" 200 13420
WARNING 2020-04-27 10:57:56,969 log 228 Not Found: /favicon.ico
WARNING 2020-04-27 10:57:56,970 basehttp 157 "GET /favicon.ico HTTP/1.1" 404 1975
INFO 2020-04-27 10:59:25,395 basehttp 157 "GET /users/get_card_list/ HTTP/1.1" 200 1246
INFO 2020-04-27 10:59:29,703 basehttp 157 "POST /users/get_card_list/ HTTP/1.1" 200 42
INFO 2020-04-27 11:00:15,688 basehttp 157 "GET /users/get_card_list/ HTTP/1.1" 200 1246
INFO 2020-04-27 11:00:19,321 basehttp 157 "POST /users/get_card_list/ HTTP/1.1" 200 42
INFO 2020-04-27 11:00:24,331 basehttp 157 "POST /users/get_card_list/ HTTP/1.1" 200 965
INFO 2020-04-27 11:00:29,040 basehttp 157 "GET /users/get_card_list/ HTTP/1.1" 200 1246
INFO 2020-04-27 11:00:34,838 basehttp 157 "POST /users/get_card_list/ HTTP/1.1" 200 965
INFO 2020-04-27 11:03:04,924 basehttp 157 "GET /users/get_card_list/ HTTP/1.1" 200 1246
INFO 2020-04-27 11:03:11,853 basehttp 157 "POST /users/get_card_list/ HTTP/1.1" 200 965
INFO 2020-04-27 11:03:51,287 basehttp 157 "GET /users/get_card_list/ HTTP/1.1" 200 1246
INFO 2020-04-27 11:03:52,275 basehttp 157 "GET /users/get_card_list/ HTTP/1.1" 200 1246
INFO 2020-04-27 11:03:52,689 basehttp 157 "GET /users/get_card_list/ HTTP/1.1" 200 1246
INFO 2020-04-27 11:04:01,478 basehttp 157 "POST /users/get_card_list/ HTTP/1.1" 200 965
INFO 2020-04-27 11:05:57,955 basehttp 157 "GET /users/get_card_list/ HTTP/1.1" 200 1246
INFO 2020-04-27 11:06:05,475 basehttp 157 "POST /users/get_card_list/ HTTP/1.1" 200 965
INFO 2020-04-27 11:06:59,320 basehttp 157 "GET /users/get_card_list/ HTTP/1.1" 200 1246
INFO 2020-04-27 11:07:06,782 basehttp 157 "POST /users/get_card_list/ HTTP/1.1" 200 965
INFO 2020-04-27 11:09:54,141 basehttp 157 "GET /users/get_card_list/ HTTP/1.1" 200 1246
INFO 2020-04-27 11:09:55,207 basehttp 157 "GET /users/get_card_list/ HTTP/1.1" 200 1246
INFO 2020-04-27 11:10:03,092 basehttp 157 "POST /users/get_card_list/ HTTP/1.1" 200 965
INFO 2020-04-27 11:11:01,756 basehttp 157 "GET /users/get_card_list/ HTTP/1.1" 200 1246
INFO 2020-04-27 11:11:07,613 basehttp 157 "POST /users/get_card_list/ HTTP/1.1" 200 965
INFO 2020-04-27 11:12:41,417 basehttp 157 "GET /users/get_card_list/ HTTP/1.1" 200 1246
INFO 2020-04-27 11:12:46,699 basehttp 157 "POST /users/get_card_list/ HTTP/1.1" 200 965
INFO 2020-04-27 11:14:09,841 basehttp 157 "GET /users/get_card_list/ HTTP/1.1" 200 1246
INFO 2020-04-27 11:14:16,870 basehttp 157 "POST /users/get_card_list/ HTTP/1.1" 200 965
INFO 2020-04-27 11:15:32,470 basehttp 157 "GET /users/get_card_list/ HTTP/1.1" 200 1246
INFO 2020-04-27 11:15:33,505 basehttp 157 "GET /users/get_card_list/ HTTP/1.1" 200 1246
INFO 2020-04-27 11:15:33,954 basehttp 157 "GET /users/get_card_list/ HTTP/1.1" 200 1246
INFO 2020-04-27 11:15:34,236 basehttp 157 "GET /users/get_card_list/ HTTP/1.1" 200 1246
INFO 2020-04-27 11:15:34,547 basehttp 157 "GET /users/get_card_list/ HTTP/1.1" 200 1246
INFO 2020-04-27 11:15:34,768 basehttp 157 "GET /users/get_card_list/ HTTP/1.1" 200 1246
INFO 2020-04-27 11:15:35,018 basehttp 157 "GET /users/get_card_list/ HTTP/1.1" 200 1246
INFO 2020-04-27 11:15:35,278 basehttp 157 "GET /users/get_card_list/ HTTP/1.1" 200 1246
INFO 2020-04-27 11:15:36,340 basehttp 157 "GET /users/get_card_list/ HTTP/1.1" 200 1246
INFO 2020-04-27 11:15:36,994 basehttp 157 "GET /users/get_card_list/ HTTP/1.1" 200 1246
INFO 2020-04-27 11:20:00,740 basehttp 157 "GET /users/get_card_list/ HTTP/1.1" 200 1246
INFO 2020-04-27 11:20:02,216 basehttp 157 "POST /users/get_card_list/ HTTP/1.1" 200 42
INFO 2020-04-27 11:20:03,102 basehttp 157 "POST /users/get_card_list/ HTTP/1.1" 200 42
INFO 2020-04-27 11:20:04,231 basehttp 157 "POST /users/get_card_list/ HTTP/1.1" 200 42
INFO 2020-04-27 11:20:10,007 basehttp 157 "POST /users/get_card_list/ HTTP/1.1" 200 42
INFO 2020-04-27 11:20:16,027 basehttp 157 "POST /users/get_card_list/ HTTP/1.1" 200 366
INFO 2020-04-27 11:20:32,514 basehttp 157 "GET /users/get_card_list/ HTTP/1.1" 200 1246
INFO 2020-04-27 11:20:37,524 basehttp 157 "POST /users/get_card_list/ HTTP/1.1" 200 965
INFO 2020-04-27 11:21:29,197 autoreload 222 C:\Users\MyPC\PycharmProjects\face_reco\face_reco\apps\users\views.py changed, reloading.
INFO 2020-04-27 11:21:29,961 autoreload 598 Watching for file changes with StatReloader
INFO 2020-04-27 11:21:32,242 basehttp 157 "GET /users/get_card_list/ HTTP/1.1" 200 1246
INFO 2020-04-27 11:21:34,615 basehttp 157 "POST /users/get_card_list/ HTTP/1.1" 200 42
INFO 2020-04-27 11:21:38,354 basehttp 157 "GET /users/get_card_list/ HTTP/1.1" 200 1246
INFO 2020-04-27 11:21:38,592 basehttp 157 "GET /users/get_card_list/ HTTP/1.1" 200 1246
INFO 2020-04-27 11:21:38,851 basehttp 157 "GET /users/get_card_list/ HTTP/1.1" 200 1246
INFO 2020-04-27 11:21:39,066 basehttp 157 "GET /users/get_card_list/ HTTP/1.1" 200 1246
INFO 2020-04-27 11:21:47,996 autoreload 598 Watching for file changes with StatReloader
INFO 2020-04-27 11:21:51,337 basehttp 157 "GET /users/get_card_list/ HTTP/1.1" 200 1246
INFO 2020-04-27 11:21:53,159 basehttp 157 "POST /users/get_card_list/ HTTP/1.1" 200 42
INFO 2020-04-27 11:22:05,557 basehttp 157 "POST /users/get_card_list/ HTTP/1.1" 200 965
INFO 2020-04-27 11:22:32,856 autoreload 222 C:\Users\MyPC\PycharmProjects\face_reco\face_reco\apps\users\views.py changed, reloading.
INFO 2020-04-27 11:22:33,536 autoreload 598 Watching for file changes with StatReloader
INFO 2020-04-27 11:22:46,565 autoreload 222 C:\Users\MyPC\PycharmProjects\face_reco\face_reco\apps\users\views.py changed, reloading.
INFO 2020-04-27 11:22:47,349 autoreload 598 Watching for file changes with StatReloader
INFO 2020-04-27 11:23:47,404 basehttp 157 "GET /users/get_card_list/ HTTP/1.1" 200 1246
INFO 2020-04-27 11:23:48,757 basehttp 157 "POST /users/get_card_list/ HTTP/1.1" 200 965
INFO 2020-04-27 11:23:49,571 basehttp 157 "POST /users/get_card_list/ HTTP/1.1" 200 965
INFO 2020-04-27 11:23:54,083 basehttp 157 "POST /users/get_card_list/ HTTP/1.1" 200 965
INFO 2020-04-27 11:23:56,756 basehttp 157 "POST /users/get_card_list/ HTTP/1.1" 200 965
INFO 2020-04-27 11:23:58,191 basehttp 157 "GET /users/get_card_list/ HTTP/1.1" 200 1246
INFO 2020-04-27 11:24:59,446 basehttp 157 "GET /users/get_card_list/ HTTP/1.1" 200 1246
INFO 2020-04-27 11:25:00,779 basehttp 157 "POST /users/get_card_list/ HTTP/1.1" 200 965
INFO 2020-04-27 11:25:02,173 basehttp 157 "POST /users/get_card_list/ HTTP/1.1" 200 965
INFO 2020-04-27 11:28:46,822 basehttp 157 "GET /users/get_card_list/ HTTP/1.1" 200 1246
INFO 2020-04-27 11:28:47,361 basehttp 157 "GET /users/get_card_list/ HTTP/1.1" 200 1246
INFO 2020-04-27 11:28:48,405 basehttp 157 "POST /users/get_card_list/ HTTP/1.1" 200 965
INFO 2020-04-27 11:28:49,266 basehttp 157 "POST /users/get_card_list/ HTTP/1.1" 200 965
INFO 2020-04-27 11:29:05,192 basehttp 157 "GET /users/get_card_list/ HTTP/1.1" 200 1246
INFO 2020-04-27 11:29:06,274 basehttp 157 "POST /users/get_card_list/ HTTP/1.1" 200 965
INFO 2020-04-27 11:29:35,612 basehttp 157 "GET /users/get_card_list/ HTTP/1.1" 200 1246
INFO 2020-04-27 11:29:36,022 basehttp 157 "GET /users/get_card_list/ HTTP/1.1" 200 1246
INFO 2020-04-27 11:29:37,214 basehttp 157 "POST /users/get_card_list/ HTTP/1.1" 200 965
INFO 2020-04-27 11:33:12,059 basehttp 157 "GET /users/get_card_list/ HTTP/1.1" 200 1246
INFO 2020-04-27 11:33:12,751 basehttp 157 "GET /users/get_card_list/ HTTP/1.1" 200 1246
INFO 2020-04-27 11:33:14,035 basehttp 157 "POST /users/get_card_list/ HTTP/1.1" 200 965
INFO 2020-04-27 11:33:15,468 basehttp 157 "POST /users/get_card_list/ HTTP/1.1" 200 965
INFO 2020-04-27 11:33:15,883 basehttp 157 "POST /users/get_card_list/ HTTP/1.1" 200 965
INFO 2020-04-27 11:33:16,123 basehttp 157 "POST /users/get_card_list/ HTTP/1.1" 200 965
INFO 2020-04-27 11:33:19,388 basehttp 157 "POST /users/get_card_list/ HTTP/1.1" 200 366
INFO 2020-04-27 11:33:20,059 basehttp 157 "POST /users/get_card_list/ HTTP/1.1" 200 366
INFO 2020-04-27 11:33:20,250 basehttp 157 "POST /users/get_card_list/ HTTP/1.1" 200 366
INFO 2020-04-27 11:34:11,564 basehttp 157 "GET /users/get_card_list/ HTTP/1.1" 200 1246
INFO 2020-04-27 11:34:11,837 basehttp 157 "GET /users/get_card_list/ HTTP/1.1" 200 1246
INFO 2020-04-27 11:34:13,357 basehttp 157 "POST /users/get_card_list/ HTTP/1.1" 200 965
INFO 2020-04-27 11:34:15,443 basehttp 157 "POST /users/get_card_list/ HTTP/1.1" 200 965
INFO 2020-04-27 11:34:15,866 basehttp 157 "POST /users/get_card_list/ HTTP/1.1" 200 965
INFO 2020-04-27 11:35:58,146 basehttp 157 "GET /users/get_card_list/ HTTP/1.1" 200 1246
INFO 2020-04-27 11:36:58,669 basehttp 157 "GET /users/get_card_list/ HTTP/1.1" 200 1246
INFO 2020-04-27 11:36:59,544 basehttp 157 "GET /users/get_card_list/ HTTP/1.1" 200 1246
INFO 2020-04-27 11:36:59,959 basehttp 157 "GET /users/get_card_list/ HTTP/1.1" 200 1246
INFO 2020-04-27 11:37:00,423 basehttp 157 "GET /users/get_card_list/ HTTP/1.1" 200 1246
INFO 2020-04-27 11:38:14,708 basehttp 157 "GET /users/get_card_list/ HTTP/1.1" 200 1246
INFO 2020-04-27 11:38:16,085 basehttp 157 "POST /users/get_card_list/ HTTP/1.1" 200 965
INFO 2020-04-27 11:39:48,108 basehttp 157 "GET /users/get_card_list/ HTTP/1.1" 200 1246
INFO 2020-04-27 11:39:48,368 basehttp 157 "GET /users/get_card_list/ HTTP/1.1" 200 1246
INFO 2020-04-27 11:39:49,598 basehttp 157 "POST /users/get_card_list/ HTTP/1.1" 200 965
INFO 2020-04-27 11:40:31,263 basehttp 157 "GET /users/get_card_list/ HTTP/1.1" 200 1246
INFO 2020-04-27 11:40:32,900 basehttp 157 "POST /users/get_card_list/ HTTP/1.1" 200 965
INFO 2020-04-27 11:40:35,243 basehttp 157 "POST /users/get_card_list/ HTTP/1.1" 200 965
INFO 2020-04-27 11:40:37,009 basehttp 157 "GET /users/get_card_list/ HTTP/1.1" 200 1246
INFO 2020-04-27 11:40:37,430 basehttp 157 "GET /users/get_card_list/ HTTP/1.1" 200 1246
INFO 2020-04-27 11:40:38,909 basehttp 157 "POST /users/get_card_list/ HTTP/1.1" 200 965
INFO 2020-04-27 11:40:39,452 basehttp 157 "POST /users/get_card_list/ HTTP/1.1" 200 965
INFO 2020-04-27 11:40:39,682 basehttp 157 "POST /users/get_card_list/ HTTP/1.1" 200 965
INFO 2020-04-27 11:41:33,004 basehttp 157 "GET /users/get_card_list/ HTTP/1.1" 200 1246
INFO 2020-04-27 11:41:33,471 basehttp 157 "GET /users/get_card_list/ HTTP/1.1" 200 1246
INFO 2020-04-27 11:41:33,680 basehttp 157 "GET /users/get_card_list/ HTTP/1.1" 200 1246
INFO 2020-04-27 11:41:33,897 basehttp 157 "GET /users/get_card_list/ HTTP/1.1" 200 1246
INFO 2020-04-27 11:41:34,083 basehttp 157 "GET /users/get_card_list/ HTTP/1.1" 200 1246
INFO 2020-04-27 11:41:34,307 basehttp 157 "GET /users/get_card_list/ HTTP/1.1" 200 1246
INFO 2020-04-27 11:41:34,486 basehttp 157 "GET /users/get_card_list/ HTTP/1.1" 200 1246
INFO 2020-04-27 11:41:35,489 basehttp 157 "POST /users/get_card_list/ HTTP/1.1" 200 965
INFO 2020-04-27 11:41:37,002 basehttp 157 "POST /users/get_card_list/ HTTP/1.1" 200 965
INFO 2020-04-27 11:41:37,569 basehttp 157 "POST /users/get_card_list/ HTTP/1.1" 200 965
INFO 2020-04-27 11:41:37,833 basehttp 157 "POST /users/get_card_list/ HTTP/1.1" 200 965
INFO 2020-04-27 11:41:38,154 basehttp 157 "POST /users/get_card_list/ HTTP/1.1" 200 965
INFO 2020-04-27 11:41:38,426 basehttp 157 "POST /users/get_card_list/ HTTP/1.1" 200 965
INFO 2020-04-27 11:41:38,725 basehttp 157 "POST /users/get_card_list/ HTTP/1.1" 200 965
INFO 2020-04-27 11:41:38,979 basehttp 157 "POST /users/get_card_list/ HTTP/1.1" 200 965
INFO 2020-04-27 11:41:39,194 basehttp 157 "POST /users/get_card_list/ HTTP/1.1" 200 965
INFO 2020-04-27 11:41:39,419 basehttp 157 "POST /users/get_card_list/ HTTP/1.1" 200 965
INFO 2020-04-27 11:42:56,922 basehttp 157 "GET /users/get_card_list/ HTTP/1.1" 200 1246
INFO 2020-04-27 11:42:57,605 basehttp 157 "GET /users/get_card_list/ HTTP/1.1" 200 1246
INFO 2020-04-27 11:42:57,896 basehttp 157 "GET /users/get_card_list/ HTTP/1.1" 200 1246
INFO 2020-04-27 11:42:58,110 basehttp 157 "GET /users/get_card_list/ HTTP/1.1" 200 1246
INFO 2020-04-27 11:42:58,334 basehttp 157 "GET /users/get_card_list/ HTTP/1.1" 200 1246
INFO 2020-04-27 11:51:37,483 basehttp 157 "POST /users/get_user_list/ HTTP/1.1" 200 42
INFO 2020-04-27 11:51:51,262 basehttp 157 "POST /users/get_user_list/ HTTP/1.1" 200 42
WARNING 2020-04-27 11:51:53,827 log 228 Method Not Allowed: /users/get_user_list/
WARNING 2020-04-27 11:51:53,828 basehttp 157 "GET /users/get_user_list/ HTTP/1.1" 405 5658
WARNING 2020-04-27 11:51:53,976 log 228 Not Found: /favicon.ico
WARNING 2020-04-27 11:51:53,977 basehttp 157 "GET /favicon.ico HTTP/1.1" 404 1975
INFO 2020-04-27 11:52:39,671 autoreload 222 C:\Users\MyPC\PycharmProjects\face_reco\face_reco\apps\users\views.py changed, reloading.
INFO 2020-04-27 11:52:40,456 autoreload 598 Watching for file changes with StatReloader
INFO 2020-04-27 11:52:47,760 autoreload 598 Watching for file changes with StatReloader
INFO 2020-04-27 11:52:59,288 basehttp 157 "POST /users/get_user_list/ HTTP/1.1" 200 269
INFO 2020-04-27 11:58:05,124 basehttp 157 "POST /users/get_user_list/ HTTP/1.1" 200 269
INFO 2020-04-27 11:58:06,115 basehttp 157 "POST /users/get_user_list/ HTTP/1.1" 200 269
INFO 2020-04-27 11:58:07,355 basehttp 157 "POST /users/get_user_list/ HTTP/1.1" 200 269
INFO 2020-04-27 11:58:29,612 basehttp 157 "POST /users/get_user_list/ HTTP/1.1" 200 269
INFO 2020-04-27 11:58:30,146 basehttp 157 "POST /users/get_user_list/ HTTP/1.1" 200 269
INFO 2020-04-27 11:58:30,785 basehttp 157 "POST /users/get_user_list/ HTTP/1.1" 200 269
INFO 2020-04-27 11:58:31,059 basehttp 157 "POST /users/get_user_list/ HTTP/1.1" 200 269
INFO 2020-04-27 11:58:31,250 basehttp 157 "POST /users/get_user_list/ HTTP/1.1" 200 269
INFO 2020-04-27 11:58:31,442 basehttp 157 "POST /users/get_user_list/ HTTP/1.1" 200 269
INFO 2020-04-27 11:58:31,730 basehttp 157 "POST /users/get_user_list/ HTTP/1.1" 200 269
INFO 2020-04-27 11:59:00,188 basehttp 157 "POST /users/get_user_list/ HTTP/1.1" 200 269
INFO 2020-04-27 11:59:01,083 basehttp 157 "POST /users/get_user_list/ HTTP/1.1" 200 269
INFO 2020-04-27 11:59:01,369 basehttp 157 "POST /users/get_user_list/ HTTP/1.1" 200 269
INFO 2020-04-27 11:59:01,602 basehttp 157 "POST /users/get_user_list/ HTTP/1.1" 200 269
INFO 2020-04-27 11:59:12,553 basehttp 157 "POST /users/get_user_list/ HTTP/1.1" 200 269
INFO 2020-04-27 11:59:13,930 basehttp 157 "POST /users/get_user_list/ HTTP/1.1" 200 269
INFO 2020-04-27 11:59:21,420 basehttp 157 "POST /users/get_user_list/ HTTP/1.1" 200 269
INFO 2020-04-27 11:59:42,330 basehttp 157 "POST /users/get_user_list/ HTTP/1.1" 200 269
INFO 2020-04-27 11:59:43,395 basehttp 157 "POST /users/get_user_list/ HTTP/1.1" 200 269
INFO 2020-04-27 12:00:50,781 basehttp 157 "POST /users/get_user_list/ HTTP/1.1" 200 269
INFO 2020-04-27 12:00:54,659 basehttp 157 "POST /users/get_user_list/ HTTP/1.1" 200 164
INFO 2020-04-27 14:02:37,955 basehttp 157 "POST /users/add_user/ HTTP/1.1" 200 41
INFO 2020-04-27 14:06:41,346 basehttp 157 "POST /users/add_user/ HTTP/1.1" 200 41
INFO 2020-04-27 14:08:44,486 basehttp 157 "POST /users/add_user/ HTTP/1.1" 200 41
INFO 2020-04-27 14:10:21,012 basehttp 157 "POST /users/add_user/ HTTP/1.1" 200 41
INFO 2020-04-27 14:13:38,410 autoreload 598 Watching for file changes with StatReloader
INFO 2020-04-27 14:15:05,781 basehttp 157 "POST /users/add_user/ HTTP/1.1" 200 41
INFO 2020-04-27 14:15:09,887 basehttp 157 "POST /users/add_user/ HTTP/1.1" 200 41
INFO 2020-04-27 14:17:40,487 basehttp 157 "POST /users/add_user/ HTTP/1.1" 200 41
INFO 2020-04-27 14:20:43,574 basehttp 157 "POST /users/add_user/ HTTP/1.1" 200 41
INFO 2020-04-27 14:20:49,344 basehttp 157 "POST /users/add_user/ HTTP/1.1" 200 41
INFO 2020-04-27 14:20:57,217 basehttp 157 "POST /users/add_user/ HTTP/1.1" 200 41
INFO 2020-04-27 14:25:09,847 autoreload 598 Watching for file changes with StatReloader
INFO 2020-04-27 14:33:37,211 autoreload 598 Watching for file changes with StatReloader
INFO 2020-04-27 14:40:34,386 basehttp 157 "POST /users/add_user/ HTTP/1.1" 200 41
INFO 2020-04-27 14:45:03,959 basehttp 157 "POST /users/add_user/ HTTP/1.1" 200 41
INFO 2020-04-27 14:45:20,658 basehttp 157 "POST /users/add_user/ HTTP/1.1" 200 41
